  stdafx.cpp
  animation.cpp
  assassin.cpp
c:\users\jisan\onedrive\문서\nuclearthronebackup\assassin.cpp(6): warning C4244: '=': 'float'에서 'LONG'(으)로 변환하면서 데이터가 손실될 수 있습니다.
c:\users\jisan\onedrive\문서\nuclearthronebackup\assassin.cpp(7): warning C4244: '=': 'float'에서 'LONG'(으)로 변환하면서 데이터가 손실될 수 있습니다.
c:\users\jisan\onedrive\문서\nuclearthronebackup\assassin.cpp(13): warning C4244: '인수': 'float'에서 'int'(으)로 변환하면서 데이터가 손실될 수 있습니다.
c:\users\jisan\onedrive\문서\nuclearthronebackup\assassin.cpp(24): warning C4244: '인수': 'float'에서 'int'(으)로 변환하면서 데이터가 손실될 수 있습니다.
  assassinDead.cpp
  assassinIdle.cpp
  assassinState.cpp
  assassinWalk.cpp
  assultRifle.cpp
  bandit.cpp
c:\users\jisan\onedrive\문서\nuclearthronebackup\bandit.cpp(8): warning C4244: '=': 'float'에서 'LONG'(으)로 변환하면서 데이터가 손실될 수 있습니다.
c:\users\jisan\onedrive\문서\nuclearthronebackup\bandit.cpp(9): warning C4244: '=': 'float'에서 'LONG'(으)로 변환하면서 데이터가 손실될 수 있습니다.
c:\users\jisan\onedrive\문서\nuclearthronebackup\bandit.cpp(15): warning C4244: '인수': 'float'에서 'int'(으)로 변환하면서 데이터가 손실될 수 있습니다.
c:\users\jisan\onedrive\문서\nuclearthronebackup\bandit.cpp(25): warning C4244: '인수': 'float'에서 'int'(으)로 변환하면서 데이터가 손실될 수 있습니다.
  banditDead.cpp
  banditIdle.cpp
  banditState.cpp
  banditWalk.cpp
  bigBandit.cpp
c:\users\jisan\onedrive\문서\nuclearthronebackup\bigbandit.cpp(6): warning C4244: '=': 'float'에서 'LONG'(으)로 변환하면서 데이터가 손실될 수 있습니다.
c:\users\jisan\onedrive\문서\nuclearthronebackup\bigbandit.cpp(7): warning C4244: '=': 'float'에서 'LONG'(으)로 변환하면서 데이터가 손실될 수 있습니다.
c:\users\jisan\onedrive\문서\nuclearthronebackup\bigbandit.cpp(13): warning C4244: '인수': 'float'에서 'int'(으)로 변환하면서 데이터가 손실될 수 있습니다.
c:\users\jisan\onedrive\문서\nuclearthronebackup\bigbandit.cpp(24): warning C4244: '인수': 'float'에서 'int'(으)로 변환하면서 데이터가 손실될 수 있습니다.
  bigBanditDead.cpp
  bigBanditFire.cpp
  bigBanditIdle.cpp
  bigBanditState.cpp
  bigBanditWalk.cpp
  bigDog.cpp
c:\users\jisan\onedrive\문서\nuclearthronebackup\bigdog.cpp(6): warning C4244: '=': 'float'에서 'LONG'(으)로 변환하면서 데이터가 손실될 수 있습니다.
c:\users\jisan\onedrive\문서\nuclearthronebackup\bigdog.cpp(7): warning C4244: '=': 'float'에서 'LONG'(으)로 변환하면서 데이터가 손실될 수 있습니다.
c:\users\jisan\onedrive\문서\nuclearthronebackup\bigdog.cpp(13): warning C4244: '인수': 'float'에서 'int'(으)로 변환하면서 데이터가 손실될 수 있습니다.
c:\users\jisan\onedrive\문서\nuclearthronebackup\bigdog.cpp(23): warning C4244: '인수': 'float'에서 'int'(으)로 변환하면서 데이터가 손실될 수 있습니다.
  bigDogIdle.cpp
  코드를 생성하고 있습니다...
  컴파일하고 있습니다...
  bigDogSpin.cpp
  bigDogState.cpp
  bigMaggot.cpp
c:\users\jisan\onedrive\문서\nuclearthronebackup\bigmaggot.cpp(6): warning C4244: '=': 'float'에서 'LONG'(으)로 변환하면서 데이터가 손실될 수 있습니다.
c:\users\jisan\onedrive\문서\nuclearthronebackup\bigmaggot.cpp(7): warning C4244: '=': 'float'에서 'LONG'(으)로 변환하면서 데이터가 손실될 수 있습니다.
c:\users\jisan\onedrive\문서\nuclearthronebackup\bigmaggot.cpp(13): warning C4244: '인수': 'float'에서 'int'(으)로 변환하면서 데이터가 손실될 수 있습니다.
c:\users\jisan\onedrive\문서\nuclearthronebackup\bigmaggot.cpp(23): warning C4244: '인수': 'float'에서 'int'(으)로 변환하면서 데이터가 손실될 수 있습니다.
  bigMaggotBurrow.cpp
  bigMaggotDead.cpp
  bigMaggotIdle.cpp
  bigMaggotState.cpp
  bigRat.cpp
c:\users\jisan\onedrive\문서\nuclearthronebackup\bigrat.cpp(6): warning C4244: '=': 'float'에서 'LONG'(으)로 변환하면서 데이터가 손실될 수 있습니다.
c:\users\jisan\onedrive\문서\nuclearthronebackup\bigrat.cpp(7): warning C4244: '=': 'float'에서 'LONG'(으)로 변환하면서 데이터가 손실될 수 있습니다.
c:\users\jisan\onedrive\문서\nuclearthronebackup\bigrat.cpp(13): warning C4244: '인수': 'float'에서 'int'(으)로 변환하면서 데이터가 손실될 수 있습니다.
c:\users\jisan\onedrive\문서\nuclearthronebackup\bigrat.cpp(24): warning C4244: '인수': 'float'에서 'int'(으)로 변환하면서 데이터가 손실될 수 있습니다.
  bigRatAttack.cpp
  bigRatDead.cpp
  bigRatFire.cpp
  bigRatIdle.cpp
  bigRatState.cpp
  bigRatWalk.cpp
  bullet.cpp
c:\users\jisan\onedrive\문서\nuclearthronebackup\bullet.cpp(55): warning C4244: '+=': 'float'에서 'LONG'(으)로 변환하면서 데이터가 손실될 수 있습니다.
c:\users\jisan\onedrive\문서\nuclearthronebackup\bullet.cpp(56): warning C4244: '+=': 'float'에서 'LONG'(으)로 변환하면서 데이터가 손실될 수 있습니다.
c:\users\jisan\onedrive\문서\nuclearthronebackup\bullet.cpp(62): warning C4244: '인수': 'LONG'에서 'float'(으)로 변환하면서 데이터가 손실될 수 있습니다.
c:\users\jisan\onedrive\문서\nuclearthronebackup\bullet.cpp(61): warning C4244: '인수': 'LONG'에서 'float'(으)로 변환하면서 데이터가 손실될 수 있습니다.
  bullet1.cpp
  bullet16.cpp
c:\users\jisan\onedrive\문서\nuclearthronebackup\bullet16.cpp(36): warning C4244: '=': 'int'에서 'float'(으)로 변환하면서 데이터가 손실될 수 있습니다.
c:\users\jisan\onedrive\문서\nuclearthronebackup\bullet16.cpp(74): warning C4244: '=': 'int'에서 'float'(으)로 변환하면서 데이터가 손실될 수 있습니다.
c:\users\jisan\onedrive\문서\nuclearthronebackup\bullet16.cpp(114): warning C4244: '+=': 'float'에서 'LONG'(으)로 변환하면서 데이터가 손실될 수 있습니다.
c:\users\jisan\onedrive\문서\nuclearthronebackup\bullet16.cpp(115): warning C4244: '+=': 'float'에서 'LONG'(으)로 변환하면서 데이터가 손실될 수 있습니다.
c:\users\jisan\onedrive\문서\nuclearthronebackup\bullet16.cpp(133): warning C4244: '+=': 'float'에서 'LONG'(으)로 변환하면서 데이터가 손실될 수 있습니다.
c:\users\jisan\onedrive\문서\nuclearthronebackup\bullet16.cpp(134): warning C4244: '+=': 'float'에서 'LONG'(으)로 변환하면서 데이터가 손실될 수 있습니다.
  camera.cpp
  cameraManager.cpp
  Crystal.cpp
c:\users\jisan\onedrive\문서\nuclearthronebackup\crystal.cpp(7): warning C4244: '=': 'float'에서 'LONG'(으)로 변환하면서 데이터가 손실될 수 있습니다.
c:\users\jisan\onedrive\문서\nuclearthronebackup\crystal.cpp(8): warning C4244: '=': 'float'에서 'LONG'(으)로 변환하면서 데이터가 손실될 수 있습니다.
c:\users\jisan\onedrive\문서\nuclearthronebackup\crystal.cpp(13): warning C4244: '인수': 'float'에서 'int'(으)로 변환하면서 데이터가 손실될 수 있습니다.
c:\users\jisan\onedrive\문서\nuclearthronebackup\crystal.cpp(26): warning C4244: '인수': 'float'에서 'int'(으)로 변환하면서 데이터가 손실될 수 있습니다.
  코드를 생성하고 있습니다...
  컴파일하고 있습니다...
  customScene.cpp
  effect.cpp
  effectManager.cpp
  enemy.cpp
  enemyManager.cpp
c:\users\jisan\onedrive\문서\nuclearthronebackup\enemymanager.cpp(214): warning C4244: '인수': 'int'에서 'float'(으)로 변환하면서 데이터가 손실될 수 있습니다.
  enemyState.cpp
  Eyes.cpp
c:\users\jisan\onedrive\문서\nuclearthronebackup\eyes.cpp(7): warning C4244: '=': 'float'에서 'LONG'(으)로 변환하면서 데이터가 손실될 수 있습니다.
c:\users\jisan\onedrive\문서\nuclearthronebackup\eyes.cpp(8): warning C4244: '=': 'float'에서 'LONG'(으)로 변환하면서 데이터가 손실될 수 있습니다.
c:\users\jisan\onedrive\문서\nuclearthronebackup\eyes.cpp(13): warning C4244: '인수': 'float'에서 'int'(으)로 변환하면서 데이터가 손실될 수 있습니다.
c:\users\jisan\onedrive\문서\nuclearthronebackup\eyes.cpp(26): warning C4244: '인수': 'float'에서 'int'(으)로 변환하면서 데이터가 손실될 수 있습니다.
  Fish.cpp
c:\users\jisan\onedrive\문서\nuclearthronebackup\fish.cpp(7): warning C4244: '=': 'float'에서 'LONG'(으)로 변환하면서 데이터가 손실될 수 있습니다.
c:\users\jisan\onedrive\문서\nuclearthronebackup\fish.cpp(8): warning C4244: '=': 'float'에서 'LONG'(으)로 변환하면서 데이터가 손실될 수 있습니다.
c:\users\jisan\onedrive\문서\nuclearthronebackup\fish.cpp(15): warning C4244: '인수': 'float'에서 'int'(으)로 변환하면서 데이터가 손실될 수 있습니다.
c:\users\jisan\onedrive\문서\nuclearthronebackup\fish.cpp(29): warning C4244: '인수': 'float'에서 'int'(으)로 변환하면서 데이터가 손실될 수 있습니다.
c:\users\jisan\onedrive\문서\nuclearthronebackup\fish.cpp(31): warning C4244: '인수': 'LONG'에서 'float'(으)로 변환하면서 데이터가 손실될 수 있습니다.
c:\users\jisan\onedrive\문서\nuclearthronebackup\fish.cpp(231): warning C4244: '+=': 'float'에서 'LONG'(으)로 변환하면서 데이터가 손실될 수 있습니다.
c:\users\jisan\onedrive\문서\nuclearthronebackup\fish.cpp(241): warning C4244: '-=': 'float'에서 'LONG'(으)로 변환하면서 데이터가 손실될 수 있습니다.
c:\users\jisan\onedrive\문서\nuclearthronebackup\fish.cpp(252): warning C4244: '-=': 'float'에서 'LONG'(으)로 변환하면서 데이터가 손실될 수 있습니다.
c:\users\jisan\onedrive\문서\nuclearthronebackup\fish.cpp(262): warning C4244: '+=': 'float'에서 'LONG'(으)로 변환하면서 데이터가 손실될 수 있습니다.
  frog.cpp
c:\users\jisan\onedrive\문서\nuclearthronebackup\frog.cpp(6): warning C4244: '=': 'float'에서 'LONG'(으)로 변환하면서 데이터가 손실될 수 있습니다.
c:\users\jisan\onedrive\문서\nuclearthronebackup\frog.cpp(7): warning C4244: '=': 'float'에서 'LONG'(으)로 변환하면서 데이터가 손실될 수 있습니다.
c:\users\jisan\onedrive\문서\nuclearthronebackup\frog.cpp(13): warning C4244: '인수': 'float'에서 'int'(으)로 변환하면서 데이터가 손실될 수 있습니다.
c:\users\jisan\onedrive\문서\nuclearthronebackup\frog.cpp(23): warning C4244: '인수': 'float'에서 'int'(으)로 변환하면서 데이터가 손실될 수 있습니다.
  frogDead.cpp
  frogIdle.cpp
  frogState.cpp
  frogWalk.cpp
  gameManager.cpp
  gameNode.cpp
c:\users\jisan\onedrive\문서\nuclearthronebackup\gamenode.cpp(107): warning C4244: '=': 'float'에서 'LONG'(으)로 변환하면서 데이터가 손실될 수 있습니다.
c:\users\jisan\onedrive\문서\nuclearthronebackup\gamenode.cpp(108): warning C4244: '=': 'float'에서 'LONG'(으)로 변환하면서 데이터가 손실될 수 있습니다.
c:\users\jisan\onedrive\문서\nuclearthronebackup\gamenode.cpp(102): warning C4101: 'hdc' :참조되지 않은 지역 변수입니다.
c:\users\jisan\onedrive\문서\nuclearthronebackup\gamenode.cpp(101): warning C4101: 'ps' :참조되지 않은 지역 변수입니다.
  gameScene.cpp
  gator.cpp
c:\users\jisan\onedrive\문서\nuclearthronebackup\gator.cpp(7): warning C4244: '=': 'float'에서 'LONG'(으)로 변환하면서 데이터가 손실될 수 있습니다.
c:\users\jisan\onedrive\문서\nuclearthronebackup\gator.cpp(8): warning C4244: '=': 'float'에서 'LONG'(으)로 변환하면서 데이터가 손실될 수 있습니다.
c:\users\jisan\onedrive\문서\nuclearthronebackup\gator.cpp(14): warning C4244: '인수': 'float'에서 'int'(으)로 변환하면서 데이터가 손실될 수 있습니다.
c:\users\jisan\onedrive\문서\nuclearthronebackup\gator.cpp(25): warning C4244: '인수': 'float'에서 'int'(으)로 변환하면서 데이터가 손실될 수 있습니다.
  gatorDead.cpp
  gatorIdle.cpp
  gatorState.cpp
  코드를 생성하고 있습니다...
  컴파일하고 있습니다...
  gatorWalk.cpp
  greenFrog.cpp
c:\users\jisan\onedrive\문서\nuclearthronebackup\greenfrog.cpp(6): warning C4244: '=': 'float'에서 'LONG'(으)로 변환하면서 데이터가 손실될 수 있습니다.
c:\users\jisan\onedrive\문서\nuclearthronebackup\greenfrog.cpp(7): warning C4244: '=': 'float'에서 'LONG'(으)로 변환하면서 데이터가 손실될 수 있습니다.
c:\users\jisan\onedrive\문서\nuclearthronebackup\greenfrog.cpp(13): warning C4244: '인수': 'float'에서 'int'(으)로 변환하면서 데이터가 손실될 수 있습니다.
c:\users\jisan\onedrive\문서\nuclearthronebackup\greenfrog.cpp(23): warning C4244: '인수': 'float'에서 'int'(으)로 변환하면서 데이터가 손실될 수 있습니다.
  greenFrogDead.cpp
  greenFrogIdle.cpp
  greenFrogState.cpp
  greenFrogWalk.cpp
  greenMaggot.cpp
c:\users\jisan\onedrive\문서\nuclearthronebackup\greenmaggot.cpp(7): warning C4244: '=': 'float'에서 'LONG'(으)로 변환하면서 데이터가 손실될 수 있습니다.
c:\users\jisan\onedrive\문서\nuclearthronebackup\greenmaggot.cpp(8): warning C4244: '=': 'float'에서 'LONG'(으)로 변환하면서 데이터가 손실될 수 있습니다.
c:\users\jisan\onedrive\문서\nuclearthronebackup\greenmaggot.cpp(14): warning C4244: '인수': 'float'에서 'int'(으)로 변환하면서 데이터가 손실될 수 있습니다.
c:\users\jisan\onedrive\문서\nuclearthronebackup\greenmaggot.cpp(24): warning C4244: '인수': 'float'에서 'int'(으)로 변환하면서 데이터가 손실될 수 있습니다.
  greenMaggotDead.cpp
  greenMaggotIdle.cpp
  greenMaggotState.cpp
  greenRat.cpp
c:\users\jisan\onedrive\문서\nuclearthronebackup\greenrat.cpp(6): warning C4244: '=': 'float'에서 'LONG'(으)로 변환하면서 데이터가 손실될 수 있습니다.
c:\users\jisan\onedrive\문서\nuclearthronebackup\greenrat.cpp(7): warning C4244: '=': 'float'에서 'LONG'(으)로 변환하면서 데이터가 손실될 수 있습니다.
c:\users\jisan\onedrive\문서\nuclearthronebackup\greenrat.cpp(13): warning C4244: '인수': 'float'에서 'int'(으)로 변환하면서 데이터가 손실될 수 있습니다.
c:\users\jisan\onedrive\문서\nuclearthronebackup\greenrat.cpp(23): warning C4244: '인수': 'float'에서 'int'(으)로 변환하면서 데이터가 손실될 수 있습니다.
  greenRatDead.cpp
  greenRatIdle.cpp
  greenRatState.cpp
  greenRatWalk.cpp
  grenadeLauncher.cpp
  image.cpp
c:\users\jisan\onedrive\문서\nuclearthronebackup\image.cpp(76): warning C4267: '초기화 중': 'size_t'에서 'int'(으)로 변환하면서 데이터가 손실될 수 있습니다.
c:\users\jisan\onedrive\문서\nuclearthronebackup\image.cpp(131): warning C4267: '초기화 중': 'size_t'에서 'int'(으)로 변환하면서 데이터가 손실될 수 있습니다.
c:\users\jisan\onedrive\문서\nuclearthronebackup\image.cpp(184): warning C4267: '초기화 중': 'size_t'에서 'int'(으)로 변환하면서 데이터가 손실될 수 있습니다.
c:\users\jisan\onedrive\문서\nuclearthronebackup\image.cpp(422): warning C4244: '인수': 'float'에서 'int'(으)로 변환하면서 데이터가 손실될 수 있습니다.
c:\users\jisan\onedrive\문서\nuclearthronebackup\image.cpp(428): warning C4244: '인수': 'float'에서 'int'(으)로 변환하면서 데이터가 손실될 수 있습니다.
c:\users\jisan\onedrive\문서\nuclearthronebackup\image.cpp(434): warning C4244: '인수': 'float'에서 'int'(으)로 변환하면서 데이터가 손실될 수 있습니다.
  imageManager.cpp
  iniDataManager.cpp
  keyAniManager.cpp
  코드를 생성하고 있습니다...
  컴파일하고 있습니다...
  keyManager.cpp
  machineGun.cpp
  maggot.cpp
c:\users\jisan\onedrive\문서\nuclearthronebackup\maggot.cpp(6): warning C4244: '=': 'float'에서 'LONG'(으)로 변환하면서 데이터가 손실될 수 있습니다.
c:\users\jisan\onedrive\문서\nuclearthronebackup\maggot.cpp(7): warning C4244: '=': 'float'에서 'LONG'(으)로 변환하면서 데이터가 손실될 수 있습니다.
c:\users\jisan\onedrive\문서\nuclearthronebackup\maggot.cpp(13): warning C4244: '인수': 'float'에서 'int'(으)로 변환하면서 데이터가 손실될 수 있습니다.
c:\users\jisan\onedrive\문서\nuclearthronebackup\maggot.cpp(23): warning C4244: '인수': 'float'에서 'int'(으)로 변환하면서 데이터가 손실될 수 있습니다.
  maggotDead.cpp
  maggotIdle.cpp
  maggotNest.cpp
c:\users\jisan\onedrive\문서\nuclearthronebackup\maggotnest.cpp(6): warning C4244: '=': 'float'에서 'LONG'(으)로 변환하면서 데이터가 손실될 수 있습니다.
c:\users\jisan\onedrive\문서\nuclearthronebackup\maggotnest.cpp(7): warning C4244: '=': 'float'에서 'LONG'(으)로 변환하면서 데이터가 손실될 수 있습니다.
c:\users\jisan\onedrive\문서\nuclearthronebackup\maggotnest.cpp(13): warning C4244: '인수': 'float'에서 'int'(으)로 변환하면서 데이터가 손실될 수 있습니다.
c:\users\jisan\onedrive\문서\nuclearthronebackup\maggotnest.cpp(23): warning C4244: '인수': 'float'에서 'int'(으)로 변환하면서 데이터가 손실될 수 있습니다.
  maggotNestDead.cpp
  maggotNestIdle.cpp
  maggotNestState.cpp
  maggotState.cpp
  mainmenuScene.cpp
  mapManager.cpp
c:\users\jisan\onedrive\문서\nuclearthronebackup\mapmanager.cpp(391): warning C4244: '인수': 'time_t'에서 'unsigned int'(으)로 변환하면서 데이터가 손실될 수 있습니다.
c:\users\jisan\onedrive\문서\nuclearthronebackup\mapmanager.cpp(2114): warning C4553: '==': 식의 결과가 사용되지 않습니다. '='을(를) 의도했습니까?
c:\users\jisan\onedrive\문서\nuclearthronebackup\mapmanager.cpp(2129): warning C4553: '==': 식의 결과가 사용되지 않습니다. '='을(를) 의도했습니까?
  maptoolScene.cpp
  Meiting.cpp
c:\users\jisan\onedrive\문서\nuclearthronebackup\meiting.cpp(7): warning C4244: '=': 'float'에서 'LONG'(으)로 변환하면서 데이터가 손실될 수 있습니다.
c:\users\jisan\onedrive\문서\nuclearthronebackup\meiting.cpp(8): warning C4244: '=': 'float'에서 'LONG'(으)로 변환하면서 데이터가 손실될 수 있습니다.
c:\users\jisan\onedrive\문서\nuclearthronebackup\meiting.cpp(13): warning C4244: '인수': 'float'에서 'int'(으)로 변환하면서 데이터가 손실될 수 있습니다.
c:\users\jisan\onedrive\문서\nuclearthronebackup\meiting.cpp(26): warning C4244: '인수': 'float'에서 'int'(으)로 변환하면서 데이터가 손실될 수 있습니다.
  pistol.cpp
  Plant.cpp
c:\users\jisan\onedrive\문서\nuclearthronebackup\plant.cpp(7): warning C4244: '=': 'float'에서 'LONG'(으)로 변환하면서 데이터가 손실될 수 있습니다.
c:\users\jisan\onedrive\문서\nuclearthronebackup\plant.cpp(8): warning C4244: '=': 'float'에서 'LONG'(으)로 변환하면서 데이터가 손실될 수 있습니다.
c:\users\jisan\onedrive\문서\nuclearthronebackup\plant.cpp(13): warning C4244: '인수': 'float'에서 'int'(으)로 변환하면서 데이터가 손실될 수 있습니다.
c:\users\jisan\onedrive\문서\nuclearthronebackup\plant.cpp(26): warning C4244: '인수': 'float'에서 'int'(으)로 변환하면서 데이터가 손실될 수 있습니다.
  Player.cpp
  playerManager.cpp
c:\users\jisan\onedrive\문서\nuclearthronebackup\playermanager.cpp(66): warning C4244: '인수': 'int'에서 'float'(으)로 변환하면서 데이터가 손실될 수 있습니다.
  playGround.cpp
  rat.cpp
c:\users\jisan\onedrive\문서\nuclearthronebackup\rat.cpp(6): warning C4244: '=': 'float'에서 'LONG'(으)로 변환하면서 데이터가 손실될 수 있습니다.
c:\users\jisan\onedrive\문서\nuclearthronebackup\rat.cpp(7): warning C4244: '=': 'float'에서 'LONG'(으)로 변환하면서 데이터가 손실될 수 있습니다.
c:\users\jisan\onedrive\문서\nuclearthronebackup\rat.cpp(13): warning C4244: '인수': 'float'에서 'int'(으)로 변환하면서 데이터가 손실될 수 있습니다.
c:\users\jisan\onedrive\문서\nuclearthronebackup\rat.cpp(24): warning C4244: '인수': 'float'에서 'int'(으)로 변환하면서 데이터가 손실될 수 있습니다.
  코드를 생성하고 있습니다...
  컴파일하고 있습니다...
  ratDead.cpp
  ratIdle.cpp
  ratState.cpp
  ratWalk.cpp
  raven.cpp
c:\users\jisan\onedrive\문서\nuclearthronebackup\raven.cpp(6): warning C4244: '=': 'float'에서 'LONG'(으)로 변환하면서 데이터가 손실될 수 있습니다.
c:\users\jisan\onedrive\문서\nuclearthronebackup\raven.cpp(7): warning C4244: '=': 'float'에서 'LONG'(으)로 변환하면서 데이터가 손실될 수 있습니다.
c:\users\jisan\onedrive\문서\nuclearthronebackup\raven.cpp(13): warning C4244: '인수': 'float'에서 'int'(으)로 변환하면서 데이터가 손실될 수 있습니다.
c:\users\jisan\onedrive\문서\nuclearthronebackup\raven.cpp(23): warning C4244: '인수': 'float'에서 'int'(으)로 변환하면서 데이터가 손실될 수 있습니다.
  ravenDead.cpp
  ravenFly.cpp
  ravenIdle.cpp
  ravenState.cpp
  ravenWalk.cpp
  razerRifle.cpp
  salamander.cpp
c:\users\jisan\onedrive\문서\nuclearthronebackup\salamander.cpp(7): warning C4244: '=': 'float'에서 'LONG'(으)로 변환하면서 데이터가 손실될 수 있습니다.
c:\users\jisan\onedrive\문서\nuclearthronebackup\salamander.cpp(8): warning C4244: '=': 'float'에서 'LONG'(으)로 변환하면서 데이터가 손실될 수 있습니다.
c:\users\jisan\onedrive\문서\nuclearthronebackup\salamander.cpp(14): warning C4244: '인수': 'float'에서 'int'(으)로 변환하면서 데이터가 손실될 수 있습니다.
c:\users\jisan\onedrive\문서\nuclearthronebackup\salamander.cpp(24): warning C4244: '인수': 'float'에서 'int'(으)로 변환하면서 데이터가 손실될 수 있습니다.
  salamanderDead.cpp
  salamanderFire.cpp
  salamanderIdle.cpp
  salamanderState.cpp
  salamanderWalk.cpp
  sceneManager.cpp
  scolpion.cpp
c:\users\jisan\onedrive\문서\nuclearthronebackup\scolpion.cpp(6): warning C4244: '=': 'float'에서 'LONG'(으)로 변환하면서 데이터가 손실될 수 있습니다.
c:\users\jisan\onedrive\문서\nuclearthronebackup\scolpion.cpp(7): warning C4244: '=': 'float'에서 'LONG'(으)로 변환하면서 데이터가 손실될 수 있습니다.
c:\users\jisan\onedrive\문서\nuclearthronebackup\scolpion.cpp(13): warning C4244: '인수': 'float'에서 'int'(으)로 변환하면서 데이터가 손실될 수 있습니다.
c:\users\jisan\onedrive\문서\nuclearthronebackup\scolpion.cpp(23): warning C4244: '인수': 'float'에서 'int'(으)로 변환하면서 데이터가 손실될 수 있습니다.
  scolpionDead.cpp
  코드를 생성하고 있습니다...
  컴파일하고 있습니다...
  scolpionFire.cpp
  scolpionIdle.cpp
  scolpionState.cpp
  scolpionWalk.cpp
  selectScene.cpp
  settingScene.cpp
c:\users\jisan\onedrive\문서\nuclearthronebackup\settingscene.cpp(38): warning C4244: '인수': 'float'에서 'int'(으)로 변환하면서 데이터가 손실될 수 있습니다.
c:\users\jisan\onedrive\문서\nuclearthronebackup\settingscene.cpp(39): warning C4244: '인수': 'float'에서 'int'(으)로 변환하면서 데이터가 손실될 수 있습니다.
c:\users\jisan\onedrive\문서\nuclearthronebackup\settingscene.cpp(40): warning C4244: '인수': 'float'에서 'int'(으)로 변환하면서 데이터가 손실될 수 있습니다.
c:\users\jisan\onedrive\문서\nuclearthronebackup\settingscene.cpp(48): warning C4244: '인수': 'float'에서 'int'(으)로 변환하면서 데이터가 손실될 수 있습니다.
c:\users\jisan\onedrive\문서\nuclearthronebackup\settingscene.cpp(49): warning C4244: '인수': 'float'에서 'int'(으)로 변환하면서 데이터가 손실될 수 있습니다.
c:\users\jisan\onedrive\문서\nuclearthronebackup\settingscene.cpp(50): warning C4244: '인수': 'float'에서 'int'(으)로 변환하면서 데이터가 손실될 수 있습니다.
c:\users\jisan\onedrive\문서\nuclearthronebackup\settingscene.cpp(88): warning C4244: '=': 'float'에서 'int'(으)로 변환하면서 데이터가 손실될 수 있습니다.
c:\users\jisan\onedrive\문서\nuclearthronebackup\settingscene.cpp(99): warning C4244: '=': 'float'에서 'int'(으)로 변환하면서 데이터가 손실될 수 있습니다.
c:\users\jisan\onedrive\문서\nuclearthronebackup\settingscene.cpp(110): warning C4244: '=': 'float'에서 'int'(으)로 변환하면서 데이터가 손실될 수 있습니다.
  shotGun.cpp
  shovel.cpp
  sniper.cpp
c:\users\jisan\onedrive\문서\nuclearthronebackup\sniper.cpp(6): warning C4244: '=': 'float'에서 'LONG'(으)로 변환하면서 데이터가 손실될 수 있습니다.
c:\users\jisan\onedrive\문서\nuclearthronebackup\sniper.cpp(7): warning C4244: '=': 'float'에서 'LONG'(으)로 변환하면서 데이터가 손실될 수 있습니다.
c:\users\jisan\onedrive\문서\nuclearthronebackup\sniper.cpp(13): warning C4244: '인수': 'float'에서 'int'(으)로 변환하면서 데이터가 손실될 수 있습니다.
c:\users\jisan\onedrive\문서\nuclearthronebackup\sniper.cpp(23): warning C4244: '인수': 'float'에서 'int'(으)로 변환하면서 데이터가 손실될 수 있습니다.
  sniperDead.cpp
  sniperIdle.cpp
  sniperState.cpp
  sniperWalk.cpp
  soundManager.cpp
  StartScene.cpp
  sword.cpp
  timeManager.cpp
c:\users\jisan\onedrive\문서\nuclearthronebackup\timemanager.cpp(46): warning C4267: '인수': 'size_t'에서 'int'(으)로 변환하면서 데이터가 손실될 수 있습니다.
c:\users\jisan\onedrive\문서\nuclearthronebackup\timemanager.cpp(49): warning C4267: '인수': 'size_t'에서 'int'(으)로 변환하면서 데이터가 손실될 수 있습니다.
c:\users\jisan\onedrive\문서\nuclearthronebackup\timemanager.cpp(52): warning C4267: '인수': 'size_t'에서 'int'(으)로 변환하면서 데이터가 손실될 수 있습니다.
  timer.cpp
  triplemachinegun.cpp
  utils.cpp
  코드를 생성하고 있습니다...
  컴파일하고 있습니다...
  weapon.cpp
c:\users\jisan\onedrive\문서\nuclearthronebackup\weapon.cpp(19): warning C4244: '인수': 'float'에서 'int'(으)로 변환하면서 데이터가 손실될 수 있습니다.
c:\users\jisan\onedrive\문서\nuclearthronebackup\weapon.cpp(69): warning C4244: '=': 'int'에서 'float'(으)로 변환하면서 데이터가 손실될 수 있습니다.
c:\users\jisan\onedrive\문서\nuclearthronebackup\weapon.cpp(70): warning C4244: '=': 'int'에서 'float'(으)로 변환하면서 데이터가 손실될 수 있습니다.
  weaponManager.cpp
c:\users\jisan\onedrive\문서\nuclearthronebackup\weaponmanager.cpp(18): warning C4244: '인수': 'LONG'에서 'float'(으)로 변환하면서 데이터가 손실될 수 있습니다.
  winMain.cpp
c:\users\jisan\onedrive\문서\nuclearthronebackup\winmain.cpp(82): warning C4244: 'return': 'WPARAM'에서 'int'(으)로 변환하면서 데이터가 손실될 수 있습니다.
  wrench.cpp
  코드를 생성하고 있습니다...
  windowAPI.vcxproj -> C:\Users\jisan\OneDrive\문서\NuclearThroneBackup\x64\Debug\windowAPI.exe
